<?xml version="1.0" encoding="UTF-8"?>
<robot generator="Robot 6.1.1 (Python 3.11.5 on win32)" generated="20231215 09:11:52.792" rpa="false" schemaversion="4">
<suite id="s1" name="Testcases" source="C:\Users\Venkatesh M\PycharmProjects\datadriven_method\testcases\testcases.robot">
<kw name="Open my browser" library="resource_login" type="SETUP">
<kw name="Open Browser" library="SeleniumLibrary">
<arg>${login_url}</arg>
<arg>${browser}</arg>
<doc>Opens a new browser instance to the optional ``url``.</doc>
<msg timestamp="20231215 09:11:53.026" level="INFO">Opening browser 'chrome' to base url 'https://www.saucedemo.com/'.</msg>
<status status="PASS" starttime="20231215 09:11:53.026" endtime="20231215 09:11:56.228"/>
</kw>
<kw name="Maximize Browser Window" library="SeleniumLibrary">
<doc>Maximizes current browser window.</doc>
<status status="PASS" starttime="20231215 09:11:56.228" endtime="20231215 09:11:56.356"/>
</kw>
<status status="PASS" starttime="20231215 09:11:53.026" endtime="20231215 09:11:56.356"/>
</kw>
<test id="s1-t1" name="Right user empty password" line="10">
<kw name="Invalid Login">
<arg>problem_user</arg>
<arg>${EMPTY}</arg>
<kw name="Input username" library="resource_login">
<arg>${username}</arg>
<kw name="Input Text" library="SeleniumLibrary">
<arg>id:user-name</arg>
<arg>${username}</arg>
<doc>Types the given ``text`` into the text field identified by ``locator``.</doc>
<msg timestamp="20231215 09:11:56.362" level="INFO">Typing text 'problem_user' into text field 'id:user-name'.</msg>
<status status="PASS" starttime="20231215 09:11:56.360" endtime="20231215 09:11:56.525"/>
</kw>
<status status="PASS" starttime="20231215 09:11:56.359" endtime="20231215 09:11:56.525"/>
</kw>
<kw name="Input Password" library="resource_login">
<arg>${password}</arg>
<kw name="Input Text" library="SeleniumLibrary">
<arg>id:password</arg>
<arg>${password}</arg>
<doc>Types the given ``text`` into the text field identified by ``locator``.</doc>
<msg timestamp="20231215 09:11:56.527" level="INFO">Typing text '' into text field 'id:password'.</msg>
<status status="PASS" starttime="20231215 09:11:56.527" endtime="20231215 09:11:56.585"/>
</kw>
<status status="PASS" starttime="20231215 09:11:56.525" endtime="20231215 09:11:56.585"/>
</kw>
<kw name="click login button" library="resource_login">
<kw name="Click Element" library="SeleniumLibrary">
<arg>id:login-button</arg>
<doc>Click the element identified by ``locator``.</doc>
<msg timestamp="20231215 09:11:56.592" level="INFO">Clicking element 'id:login-button'.</msg>
<status status="PASS" starttime="20231215 09:11:56.592" endtime="20231215 09:11:56.640"/>
</kw>
<status status="PASS" starttime="20231215 09:11:56.585" endtime="20231215 09:11:56.640"/>
</kw>
<kw name="Error message should visible" library="resource_login">
<kw name="Page Should Contain" library="SeleniumLibrary">
<arg>Epic sadface: Username and password do not match any user in this service</arg>
<doc>Verifies that current page contains ``text``.</doc>
<msg timestamp="20231215 09:11:56.835" level="INFO" html="true">&lt;/td&gt;&lt;/tr&gt;&lt;tr&gt;&lt;td colspan="3"&gt;&lt;a href="selenium-screenshot-38.png"&gt;&lt;img src="selenium-screenshot-38.png" width="800px"&gt;&lt;/a&gt;</msg>
<msg timestamp="20231215 09:11:56.835" level="FAIL">Page should have contained text 'Epic sadface: Username and password do not match any user in this service' but did not.</msg>
<status status="FAIL" starttime="20231215 09:11:56.640" endtime="20231215 09:11:56.837"/>
</kw>
<status status="FAIL" starttime="20231215 09:11:56.640" endtime="20231215 09:11:56.837"/>
</kw>
<status status="FAIL" starttime="20231215 09:11:56.358" endtime="20231215 09:11:56.837"/>
</kw>
<status status="FAIL" starttime="20231215 09:11:56.356" endtime="20231215 09:11:56.837">Page should have contained text 'Epic sadface: Username and password do not match any user in this service' but did not.</status>
</test>
<test id="s1-t2" name="Right user wrong password" line="12">
<kw name="Invalid Login">
<arg>standard_user</arg>
<arg>jsfkj</arg>
<kw name="Input username" library="resource_login">
<arg>${username}</arg>
<kw name="Input Text" library="SeleniumLibrary">
<arg>id:user-name</arg>
<arg>${username}</arg>
<doc>Types the given ``text`` into the text field identified by ``locator``.</doc>
<msg timestamp="20231215 09:11:56.837" level="INFO">Typing text 'standard_user' into text field 'id:user-name'.</msg>
<status status="PASS" starttime="20231215 09:11:56.837" endtime="20231215 09:11:56.913"/>
</kw>
<status status="PASS" starttime="20231215 09:11:56.837" endtime="20231215 09:11:56.913"/>
</kw>
<kw name="Input Password" library="resource_login">
<arg>${password}</arg>
<kw name="Input Text" library="SeleniumLibrary">
<arg>id:password</arg>
<arg>${password}</arg>
<doc>Types the given ``text`` into the text field identified by ``locator``.</doc>
<msg timestamp="20231215 09:11:56.918" level="INFO">Typing text 'jsfkj' into text field 'id:password'.</msg>
<status status="PASS" starttime="20231215 09:11:56.918" endtime="20231215 09:11:56.978"/>
</kw>
<status status="PASS" starttime="20231215 09:11:56.913" endtime="20231215 09:11:56.978"/>
</kw>
<kw name="click login button" library="resource_login">
<kw name="Click Element" library="SeleniumLibrary">
<arg>id:login-button</arg>
<doc>Click the element identified by ``locator``.</doc>
<msg timestamp="20231215 09:11:56.978" level="INFO">Clicking element 'id:login-button'.</msg>
<status status="PASS" starttime="20231215 09:11:56.978" endtime="20231215 09:11:57.011"/>
</kw>
<status status="PASS" starttime="20231215 09:11:56.978" endtime="20231215 09:11:57.011"/>
</kw>
<kw name="Error message should visible" library="resource_login">
<kw name="Page Should Contain" library="SeleniumLibrary">
<arg>Epic sadface: Username and password do not match any user in this service</arg>
<doc>Verifies that current page contains ``text``.</doc>
<msg timestamp="20231215 09:11:57.019" level="INFO">Current page contains text 'Epic sadface: Username and password do not match any user in this service'.</msg>
<status status="PASS" starttime="20231215 09:11:57.011" endtime="20231215 09:11:57.019"/>
</kw>
<status status="PASS" starttime="20231215 09:11:57.011" endtime="20231215 09:11:57.019"/>
</kw>
<status status="PASS" starttime="20231215 09:11:56.837" endtime="20231215 09:11:57.019"/>
</kw>
<status status="PASS" starttime="20231215 09:11:56.837" endtime="20231215 09:11:57.019"/>
</test>
<test id="s1-t3" name="wrong user Right password" line="13">
<kw name="Invalid Login">
<arg>gkdjjjkjk</arg>
<arg>seceret_sauece</arg>
<kw name="Input username" library="resource_login">
<arg>${username}</arg>
<kw name="Input Text" library="SeleniumLibrary">
<arg>id:user-name</arg>
<arg>${username}</arg>
<doc>Types the given ``text`` into the text field identified by ``locator``.</doc>
<msg timestamp="20231215 09:11:57.022" level="INFO">Typing text 'gkdjjjkjk' into text field 'id:user-name'.</msg>
<status status="PASS" starttime="20231215 09:11:57.022" endtime="20231215 09:11:57.111"/>
</kw>
<status status="PASS" starttime="20231215 09:11:57.022" endtime="20231215 09:11:57.111"/>
</kw>
<kw name="Input Password" library="resource_login">
<arg>${password}</arg>
<kw name="Input Text" library="SeleniumLibrary">
<arg>id:password</arg>
<arg>${password}</arg>
<doc>Types the given ``text`` into the text field identified by ``locator``.</doc>
<msg timestamp="20231215 09:11:57.116" level="INFO">Typing text 'seceret_sauece' into text field 'id:password'.</msg>
<status status="PASS" starttime="20231215 09:11:57.111" endtime="20231215 09:11:57.188"/>
</kw>
<status status="PASS" starttime="20231215 09:11:57.111" endtime="20231215 09:11:57.190"/>
</kw>
<kw name="click login button" library="resource_login">
<kw name="Click Element" library="SeleniumLibrary">
<arg>id:login-button</arg>
<doc>Click the element identified by ``locator``.</doc>
<msg timestamp="20231215 09:11:57.190" level="INFO">Clicking element 'id:login-button'.</msg>
<status status="PASS" starttime="20231215 09:11:57.190" endtime="20231215 09:11:57.222"/>
</kw>
<status status="PASS" starttime="20231215 09:11:57.190" endtime="20231215 09:11:57.222"/>
</kw>
<kw name="Error message should visible" library="resource_login">
<kw name="Page Should Contain" library="SeleniumLibrary">
<arg>Epic sadface: Username and password do not match any user in this service</arg>
<doc>Verifies that current page contains ``text``.</doc>
<msg timestamp="20231215 09:11:57.226" level="INFO">Current page contains text 'Epic sadface: Username and password do not match any user in this service'.</msg>
<status status="PASS" starttime="20231215 09:11:57.222" endtime="20231215 09:11:57.226"/>
</kw>
<status status="PASS" starttime="20231215 09:11:57.222" endtime="20231215 09:11:57.226"/>
</kw>
<status status="PASS" starttime="20231215 09:11:57.019" endtime="20231215 09:11:57.226"/>
</kw>
<status status="PASS" starttime="20231215 09:11:57.019" endtime="20231215 09:11:57.231"/>
</test>
<test id="s1-t4" name="wrong user empty password" line="14">
<kw name="Invalid Login">
<arg>kjkjkj</arg>
<arg>${EMPTY}</arg>
<kw name="Input username" library="resource_login">
<arg>${username}</arg>
<kw name="Input Text" library="SeleniumLibrary">
<arg>id:user-name</arg>
<arg>${username}</arg>
<doc>Types the given ``text`` into the text field identified by ``locator``.</doc>
<msg timestamp="20231215 09:11:57.232" level="INFO">Typing text 'kjkjkj' into text field 'id:user-name'.</msg>
<status status="PASS" starttime="20231215 09:11:57.232" endtime="20231215 09:11:57.293"/>
</kw>
<status status="PASS" starttime="20231215 09:11:57.232" endtime="20231215 09:11:57.295"/>
</kw>
<kw name="Input Password" library="resource_login">
<arg>${password}</arg>
<kw name="Input Text" library="SeleniumLibrary">
<arg>id:password</arg>
<arg>${password}</arg>
<doc>Types the given ``text`` into the text field identified by ``locator``.</doc>
<msg timestamp="20231215 09:11:57.295" level="INFO">Typing text '' into text field 'id:password'.</msg>
<status status="PASS" starttime="20231215 09:11:57.295" endtime="20231215 09:11:57.364"/>
</kw>
<status status="PASS" starttime="20231215 09:11:57.295" endtime="20231215 09:11:57.364"/>
</kw>
<kw name="click login button" library="resource_login">
<kw name="Click Element" library="SeleniumLibrary">
<arg>id:login-button</arg>
<doc>Click the element identified by ``locator``.</doc>
<msg timestamp="20231215 09:11:57.364" level="INFO">Clicking element 'id:login-button'.</msg>
<status status="PASS" starttime="20231215 09:11:57.364" endtime="20231215 09:11:57.398"/>
</kw>
<status status="PASS" starttime="20231215 09:11:57.364" endtime="20231215 09:11:57.398"/>
</kw>
<kw name="Error message should visible" library="resource_login">
<kw name="Page Should Contain" library="SeleniumLibrary">
<arg>Epic sadface: Username and password do not match any user in this service</arg>
<doc>Verifies that current page contains ``text``.</doc>
<msg timestamp="20231215 09:11:57.407" level="INFO">Current page contains text 'Epic sadface: Username and password do not match any user in this service'.</msg>
<status status="PASS" starttime="20231215 09:11:57.398" endtime="20231215 09:11:57.407"/>
</kw>
<status status="PASS" starttime="20231215 09:11:57.398" endtime="20231215 09:11:57.407"/>
</kw>
<status status="PASS" starttime="20231215 09:11:57.231" endtime="20231215 09:11:57.408"/>
</kw>
<status status="PASS" starttime="20231215 09:11:57.231" endtime="20231215 09:11:57.409"/>
</test>
<test id="s1-t5" name="wrong user wrong password" line="15">
<kw name="Invalid Login">
<arg>k;wfjk;j</arg>
<arg>577878</arg>
<kw name="Input username" library="resource_login">
<arg>${username}</arg>
<kw name="Input Text" library="SeleniumLibrary">
<arg>id:user-name</arg>
<arg>${username}</arg>
<doc>Types the given ``text`` into the text field identified by ``locator``.</doc>
<msg timestamp="20231215 09:11:57.410" level="INFO">Typing text 'k;wfjk;j' into text field 'id:user-name'.</msg>
<status status="PASS" starttime="20231215 09:11:57.410" endtime="20231215 09:11:57.487"/>
</kw>
<status status="PASS" starttime="20231215 09:11:57.410" endtime="20231215 09:11:57.488"/>
</kw>
<kw name="Input Password" library="resource_login">
<arg>${password}</arg>
<kw name="Input Text" library="SeleniumLibrary">
<arg>id:password</arg>
<arg>${password}</arg>
<doc>Types the given ``text`` into the text field identified by ``locator``.</doc>
<msg timestamp="20231215 09:11:57.490" level="INFO">Typing text '577878' into text field 'id:password'.</msg>
<status status="PASS" starttime="20231215 09:11:57.488" endtime="20231215 09:11:57.553"/>
</kw>
<status status="PASS" starttime="20231215 09:11:57.488" endtime="20231215 09:11:57.553"/>
</kw>
<kw name="click login button" library="resource_login">
<kw name="Click Element" library="SeleniumLibrary">
<arg>id:login-button</arg>
<doc>Click the element identified by ``locator``.</doc>
<msg timestamp="20231215 09:11:57.554" level="INFO">Clicking element 'id:login-button'.</msg>
<status status="PASS" starttime="20231215 09:11:57.553" endtime="20231215 09:11:57.584"/>
</kw>
<status status="PASS" starttime="20231215 09:11:57.553" endtime="20231215 09:11:57.586"/>
</kw>
<kw name="Error message should visible" library="resource_login">
<kw name="Page Should Contain" library="SeleniumLibrary">
<arg>Epic sadface: Username and password do not match any user in this service</arg>
<doc>Verifies that current page contains ``text``.</doc>
<msg timestamp="20231215 09:11:57.595" level="INFO">Current page contains text 'Epic sadface: Username and password do not match any user in this service'.</msg>
<status status="PASS" starttime="20231215 09:11:57.586" endtime="20231215 09:11:57.595"/>
</kw>
<status status="PASS" starttime="20231215 09:11:57.586" endtime="20231215 09:11:57.595"/>
</kw>
<status status="PASS" starttime="20231215 09:11:57.410" endtime="20231215 09:11:57.595"/>
</kw>
<status status="PASS" starttime="20231215 09:11:57.410" endtime="20231215 09:11:57.595"/>
</test>
<kw name="close browsers" library="resource_login" type="TEARDOWN">
<kw name="Close All Browsers" library="SeleniumLibrary">
<doc>Closes all open browsers and resets the browser cache.</doc>
<status status="PASS" starttime="20231215 09:11:57.596" endtime="20231215 09:12:03.867"/>
</kw>
<status status="PASS" starttime="20231215 09:11:57.595" endtime="20231215 09:12:03.867"/>
</kw>
<status status="FAIL" starttime="20231215 09:11:52.797" endtime="20231215 09:12:03.867"/>
</suite>
<statistics>
<total>
<stat pass="4" fail="1" skip="0">All Tests</stat>
</total>
<tag>
</tag>
<suite>
<stat pass="4" fail="1" skip="0" id="s1" name="Testcases">Testcases</stat>
</suite>
</statistics>
<errors>
</errors>
</robot>
